xrun: 24.03-s006: (c) Copyright 1995-2024 Cadence Design Systems, Inc.
TOOL:	xrun	24.03-s006: Started on Jul 21, 2025 at 11:47:07 BST
xrun
	-clean
	-access rw
	-gui
	top.sv
	-lic_used
	-lic_used
	-s
xrun: *N,CLEAN: Removing existing directory ./xcelium.d.
file: top.sv
	module worklib.samp_half_adder:sv
		errors: 0, warnings: 0
	module worklib.top:sv
		errors: 0, warnings: 0
		Caching library 'worklib' ....... Done
	Elaborating the design hierarchy:
	Top level design units:
		top
	Building instance overlay tables: .................... Done
	Generating native compiled code:
		worklib.samp_half_adder:sv <0x038ae72d>
			streams:   2, words:   359
		worklib.top:sv <0x2d214a06>
			streams:   8, words:  5687
	Building instance specific data structures.
	Loading native compiled code:     .................... Done
	Design hierarchy summary:
		             Instances  Unique
		Modules:             2       2
		Registers:           5       5
		Scalar wires:        6       -
		Always blocks:       1       1
		Initial blocks:      3       3
		Cont. assignments:   0       1
		Pseudo assignments:  4       -
		Process Clocks:      1       1
	Writing initial simulation snapshot: worklib.top:sv
xmsim: *W,NOMTDGUI: Multi-Threaded Dumping is disabled for interactive debug mode.

Running simulation with license features ...
	Xcelium_Single_Core 24.00, 1 copy - Successful
xcelium> 
xcelium> source /pkg/xcelium-24.03.006/tools/xcelium/files/xmsimrc
xcelium> 
-------------------------------------
Relinquished control to SimVision...
# Restoring simulation environment...
xcelium> input -quiet .reinvoke.sim
xcelium> file delete .reinvoke.sim
xcelium> probe -create -shm top.DUT.xor_out
Created probe 3
xcelium> run
Simulation complete via $finish(1) at time 50 NS + 0
./top.sv:49         $finish;
xcelium> xmsim: *E,IONOEN: file does not exist, /home/data/aipd_design/shimon_stuff/interviewQ/sync_fifo/half_addr/.simvision/6717_m31278_lon-cad-vnc22_autosave.tcl.
run
xmsim: *E,RNFNSH: Cannot continue simulation due to a previous $finish.
xcelium> exit
TOOL:	xrun	24.03-s006: Exiting on Jul 23, 2025 at 15:38:45 BST  (total: 51:51:38)
